2025-04-18 13:12:14 INFO  Version:21 - HV000001: Hibernate Validator 8.0.2.Final
2025-04-18 13:12:14 INFO  SpringCinemaProducerApplication:53 - Starting SpringCinemaProducerApplication using Java 17.0.8.1 with PID 30964 (C:\Users\thami\Downloads\Spring_Cinema_Producer\Spring_Cinema_Producer\target\classes started by thami in C:\Users\thami\Downloads\Spring_Cinema_Producer\Spring_Cinema_Producer)
2025-04-18 13:12:14 INFO  SpringCinemaProducerApplication:652 - No active profile set, falling back to 1 default profile: "default"
2025-04-18 13:12:15 INFO  DevToolsPropertyDefaultsPostProcessor:252 - Devtools property defaults active! Set 'spring.devtools.add-properties' to 'false' to disable
2025-04-18 13:12:15 INFO  DevToolsPropertyDefaultsPostProcessor:252 - For additional web related logging consider setting the 'logging.level.web' property to 'DEBUG'
2025-04-18 13:12:15 INFO  RepositoryConfigurationDelegate:143 - Bootstrapping Spring Data JPA repositories in DEFAULT mode.
2025-04-18 13:12:15 INFO  RepositoryConfigurationDelegate:211 - Finished Spring Data repository scanning in 59 ms. Found 4 JPA repository interfaces.
2025-04-18 13:12:16 INFO  TomcatWebServer:111 - Tomcat initialized with port 8080 (http)
2025-04-18 13:12:16 INFO  Http11NioProtocol:173 - Initializing ProtocolHandler ["http-nio-8080"]
2025-04-18 13:12:16 INFO  StandardService:173 - Starting service [Tomcat]
2025-04-18 13:12:16 INFO  StandardEngine:173 - Starting Servlet engine: [Apache Tomcat/10.1.36]
2025-04-18 13:12:16 INFO  [/]:173 - Initializing Spring embedded WebApplicationContext
2025-04-18 13:12:16 INFO  ServletWebServerApplicationContext:301 - Root WebApplicationContext: initialization completed in 1887 ms
2025-04-18 13:12:17 INFO  LogHelper:31 - HHH000204: Processing PersistenceUnitInfo [name: default]
2025-04-18 13:12:17 INFO  Version:44 - HHH000412: Hibernate ORM core version 6.6.8.Final
2025-04-18 13:12:17 INFO  RegionFactoryInitiator:50 - HHH000026: Second-level cache disabled
2025-04-18 13:12:17 INFO  SpringPersistenceUnitInfo:87 - No LoadTimeWeaver setup: ignoring JPA class transformer
2025-04-18 13:12:17 INFO  HikariDataSource:109 - HikariPool-1 - Starting...
2025-04-18 13:12:18 INFO  HikariPool:554 - HikariPool-1 - Added connection com.mysql.cj.jdbc.ConnectionImpl@558bb2ff
2025-04-18 13:12:18 INFO  HikariDataSource:122 - HikariPool-1 - Start completed.
2025-04-18 13:12:18 WARN  deprecation:153 - HHH90000025: MySQL8Dialect does not need to be specified explicitly using 'hibernate.dialect' (remove the property setting and it will be selected by default)
2025-04-18 13:12:18 WARN  deprecation:101 - HHH90000026: MySQL8Dialect has been deprecated; use org.hibernate.dialect.MySQLDialect instead
2025-04-18 13:12:18 INFO  pooling:157 - HHH10001005: Database info:
	Database JDBC URL [Connecting through datasource 'HikariDataSource (HikariPool-1)']
	Database driver: undefined/unknown
	Database version: 8.0
	Autocommit mode: undefined/unknown
	Isolation level: undefined/unknown
	Minimum pool size: undefined/unknown
	Maximum pool size: undefined/unknown
2025-04-18 13:12:19 INFO  JtaPlatformInitiator:59 - HHH000489: No JTA platform available (set 'hibernate.transaction.jta.platform' to enable JTA platform integration)
2025-04-18 13:12:20 INFO  LocalContainerEntityManagerFactoryBean:447 - Initialized JPA EntityManagerFactory for persistence unit 'default'
2025-04-18 13:12:20 WARN  JpaBaseConfiguration$JpaWebConfiguration:241 - spring.jpa.open-in-view is enabled by default. Therefore, database queries may be performed during view rendering. Explicitly configure spring.jpa.open-in-view to disable this warning
2025-04-18 13:12:21 INFO  OptionalLiveReloadServer:59 - LiveReload server is running on port 35729
2025-04-18 13:12:21 INFO  Http11NioProtocol:173 - Starting ProtocolHandler ["http-nio-8080"]
2025-04-18 13:12:21 INFO  TomcatWebServer:243 - Tomcat started on port 8080 (http) with context path '/'
2025-04-18 13:12:21 INFO  SpringCinemaProducerApplication:59 - Started SpringCinemaProducerApplication in 6.721 seconds (process running for 7.713)
2025-04-18 13:12:39 INFO  [/]:173 - Initializing Spring DispatcherServlet 'dispatcherServlet'
2025-04-18 13:12:39 INFO  DispatcherServlet:532 - Initializing Servlet 'dispatcherServlet'
2025-04-18 13:12:39 INFO  DispatcherServlet:554 - Completed initialization in 1 ms
2025-04-18 13:13:27 INFO  LocalDevToolsAutoConfiguration$RestartingClassPathChangeChangedEventListener:211 - Restarting due to 1 class path change (0 additions, 0 deletions, 1 modification)
2025-04-18 13:13:27 INFO  GracefulShutdown:54 - Commencing graceful shutdown. Waiting for active requests to complete
2025-04-18 13:13:27 INFO  Http11NioProtocol:173 - Pausing ProtocolHandler ["http-nio-8080"]
2025-04-18 13:13:27 INFO  GracefulShutdown:76 - Graceful shutdown complete
2025-04-18 13:13:27 INFO  Http11NioProtocol:173 - Stopping ProtocolHandler ["http-nio-8080"]
2025-04-18 13:13:27 INFO  LocalContainerEntityManagerFactoryBean:660 - Closing JPA EntityManagerFactory for persistence unit 'default'
2025-04-18 13:13:27 INFO  HikariDataSource:349 - HikariPool-1 - Shutdown initiated...
2025-04-18 13:13:27 INFO  HikariDataSource:351 - HikariPool-1 - Shutdown completed.
2025-04-18 13:13:27 INFO  SpringCinemaProducerApplication:53 - Starting SpringCinemaProducerApplication using Java 17.0.8.1 with PID 30964 (C:\Users\thami\Downloads\Spring_Cinema_Producer\Spring_Cinema_Producer\target\classes started by thami in C:\Users\thami\Downloads\Spring_Cinema_Producer\Spring_Cinema_Producer)
2025-04-18 13:13:27 INFO  SpringCinemaProducerApplication:652 - No active profile set, falling back to 1 default profile: "default"
2025-04-18 13:13:27 INFO  RepositoryConfigurationDelegate:143 - Bootstrapping Spring Data JPA repositories in DEFAULT mode.
2025-04-18 13:13:27 INFO  RepositoryConfigurationDelegate:211 - Finished Spring Data repository scanning in 21 ms. Found 4 JPA repository interfaces.
2025-04-18 13:13:27 INFO  TomcatWebServer:111 - Tomcat initialized with port 8080 (http)
2025-04-18 13:13:27 INFO  Http11NioProtocol:173 - Initializing ProtocolHandler ["http-nio-8080"]
2025-04-18 13:13:27 INFO  StandardService:173 - Starting service [Tomcat]
2025-04-18 13:13:27 INFO  StandardEngine:173 - Starting Servlet engine: [Apache Tomcat/10.1.36]
2025-04-18 13:13:27 INFO  [/]:173 - Initializing Spring embedded WebApplicationContext
2025-04-18 13:13:27 INFO  ServletWebServerApplicationContext:301 - Root WebApplicationContext: initialization completed in 344 ms
2025-04-18 13:13:27 INFO  LogHelper:31 - HHH000204: Processing PersistenceUnitInfo [name: default]
2025-04-18 13:13:27 INFO  RegionFactoryInitiator:50 - HHH000026: Second-level cache disabled
2025-04-18 13:13:27 INFO  SpringPersistenceUnitInfo:87 - No LoadTimeWeaver setup: ignoring JPA class transformer
2025-04-18 13:13:27 INFO  HikariDataSource:109 - HikariPool-2 - Starting...
2025-04-18 13:13:27 INFO  HikariPool:554 - HikariPool-2 - Added connection com.mysql.cj.jdbc.ConnectionImpl@386d45fa
2025-04-18 13:13:27 INFO  HikariDataSource:122 - HikariPool-2 - Start completed.
2025-04-18 13:13:27 WARN  deprecation:153 - HHH90000025: MySQL8Dialect does not need to be specified explicitly using 'hibernate.dialect' (remove the property setting and it will be selected by default)
2025-04-18 13:13:27 WARN  deprecation:101 - HHH90000026: MySQL8Dialect has been deprecated; use org.hibernate.dialect.MySQLDialect instead
2025-04-18 13:13:27 INFO  pooling:157 - HHH10001005: Database info:
	Database JDBC URL [Connecting through datasource 'HikariDataSource (HikariPool-2)']
	Database driver: undefined/unknown
	Database version: 8.0
	Autocommit mode: undefined/unknown
	Isolation level: undefined/unknown
	Minimum pool size: undefined/unknown
	Maximum pool size: undefined/unknown
2025-04-18 13:13:27 INFO  JtaPlatformInitiator:59 - HHH000489: No JTA platform available (set 'hibernate.transaction.jta.platform' to enable JTA platform integration)
2025-04-18 13:13:28 INFO  LocalContainerEntityManagerFactoryBean:447 - Initialized JPA EntityManagerFactory for persistence unit 'default'
2025-04-18 13:13:28 WARN  JpaBaseConfiguration$JpaWebConfiguration:241 - spring.jpa.open-in-view is enabled by default. Therefore, database queries may be performed during view rendering. Explicitly configure spring.jpa.open-in-view to disable this warning
2025-04-18 13:13:28 INFO  OptionalLiveReloadServer:59 - LiveReload server is running on port 35729
2025-04-18 13:13:28 INFO  Http11NioProtocol:173 - Starting ProtocolHandler ["http-nio-8080"]
2025-04-18 13:13:28 INFO  TomcatWebServer:243 - Tomcat started on port 8080 (http) with context path '/'
2025-04-18 13:13:28 INFO  SpringCinemaProducerApplication:59 - Started SpringCinemaProducerApplication in 1.462 seconds (process running for 75.114)
2025-04-18 13:13:28 INFO  ConditionEvaluationDeltaLoggingListener:63 - Condition evaluation unchanged
2025-04-18 13:13:45 INFO  [/]:173 - Initializing Spring DispatcherServlet 'dispatcherServlet'
2025-04-18 13:13:45 INFO  DispatcherServlet:532 - Initializing Servlet 'dispatcherServlet'
2025-04-18 13:13:45 INFO  DispatcherServlet:554 - Completed initialization in 1 ms
2025-04-18 13:16:58 INFO  Version:21 - HV000001: Hibernate Validator 8.0.2.Final
2025-04-18 13:16:58 INFO  SpringCinemaProducerApplication:53 - Starting SpringCinemaProducerApplication using Java 17.0.8.1 with PID 13948 (C:\Users\thami\Downloads\Spring_Cinema_Producer\Spring_Cinema_Producer\target\classes started by thami in C:\Users\thami\Downloads\Spring_Cinema_Producer\Spring_Cinema_Producer)
2025-04-18 13:16:58 INFO  SpringCinemaProducerApplication:652 - No active profile set, falling back to 1 default profile: "default"
2025-04-18 13:16:58 INFO  DevToolsPropertyDefaultsPostProcessor:252 - Devtools property defaults active! Set 'spring.devtools.add-properties' to 'false' to disable
2025-04-18 13:16:58 INFO  DevToolsPropertyDefaultsPostProcessor:252 - For additional web related logging consider setting the 'logging.level.web' property to 'DEBUG'
2025-04-18 13:16:59 INFO  RepositoryConfigurationDelegate:143 - Bootstrapping Spring Data JPA repositories in DEFAULT mode.
2025-04-18 13:16:59 INFO  RepositoryConfigurationDelegate:211 - Finished Spring Data repository scanning in 70 ms. Found 4 JPA repository interfaces.
2025-04-18 13:17:00 INFO  TomcatWebServer:111 - Tomcat initialized with port 8080 (http)
2025-04-18 13:17:00 INFO  Http11NioProtocol:173 - Initializing ProtocolHandler ["http-nio-8080"]
2025-04-18 13:17:00 INFO  StandardService:173 - Starting service [Tomcat]
2025-04-18 13:17:00 INFO  StandardEngine:173 - Starting Servlet engine: [Apache Tomcat/10.1.36]
2025-04-18 13:17:00 INFO  [/]:173 - Initializing Spring embedded WebApplicationContext
2025-04-18 13:17:00 INFO  ServletWebServerApplicationContext:301 - Root WebApplicationContext: initialization completed in 1859 ms
2025-04-18 13:17:00 INFO  LogHelper:31 - HHH000204: Processing PersistenceUnitInfo [name: default]
2025-04-18 13:17:00 INFO  Version:44 - HHH000412: Hibernate ORM core version 6.6.8.Final
2025-04-18 13:17:00 INFO  RegionFactoryInitiator:50 - HHH000026: Second-level cache disabled
2025-04-18 13:17:00 INFO  SpringPersistenceUnitInfo:87 - No LoadTimeWeaver setup: ignoring JPA class transformer
2025-04-18 13:17:00 INFO  HikariDataSource:109 - HikariPool-1 - Starting...
2025-04-18 13:17:01 INFO  HikariPool:554 - HikariPool-1 - Added connection com.mysql.cj.jdbc.ConnectionImpl@280e28ea
2025-04-18 13:17:01 INFO  HikariDataSource:122 - HikariPool-1 - Start completed.
2025-04-18 13:17:01 WARN  deprecation:153 - HHH90000025: MySQL8Dialect does not need to be specified explicitly using 'hibernate.dialect' (remove the property setting and it will be selected by default)
2025-04-18 13:17:01 WARN  deprecation:101 - HHH90000026: MySQL8Dialect has been deprecated; use org.hibernate.dialect.MySQLDialect instead
2025-04-18 13:17:01 INFO  pooling:157 - HHH10001005: Database info:
	Database JDBC URL [Connecting through datasource 'HikariDataSource (HikariPool-1)']
	Database driver: undefined/unknown
	Database version: 8.0
	Autocommit mode: undefined/unknown
	Isolation level: undefined/unknown
	Minimum pool size: undefined/unknown
	Maximum pool size: undefined/unknown
2025-04-18 13:17:02 INFO  JtaPlatformInitiator:59 - HHH000489: No JTA platform available (set 'hibernate.transaction.jta.platform' to enable JTA platform integration)
2025-04-18 13:17:02 INFO  LocalContainerEntityManagerFactoryBean:447 - Initialized JPA EntityManagerFactory for persistence unit 'default'
2025-04-18 13:17:03 WARN  JpaBaseConfiguration$JpaWebConfiguration:241 - spring.jpa.open-in-view is enabled by default. Therefore, database queries may be performed during view rendering. Explicitly configure spring.jpa.open-in-view to disable this warning
2025-04-18 13:17:03 DEBUG RequestMappingHandlerMapping:366 - 6 mappings in 'requestMappingHandlerMapping'
2025-04-18 13:17:03 DEBUG SimpleUrlHandlerMapping:187 - Patterns [/webjars/**, /**] in 'resourceHandlerMapping'
2025-04-18 13:17:03 DEBUG RequestMappingHandlerAdapter:666 - ControllerAdvice beans: 0 @ModelAttribute, 0 @InitBinder, 1 RequestBodyAdvice, 1 ResponseBodyAdvice
2025-04-18 13:17:03 DEBUG ExceptionHandlerExceptionResolver:336 - ControllerAdvice beans: 1 @ExceptionHandler, 1 ResponseBodyAdvice
2025-04-18 13:17:04 INFO  OptionalLiveReloadServer:59 - LiveReload server is running on port 35729
2025-04-18 13:17:04 INFO  Http11NioProtocol:173 - Starting ProtocolHandler ["http-nio-8080"]
2025-04-18 13:17:04 INFO  TomcatWebServer:243 - Tomcat started on port 8080 (http) with context path '/'
2025-04-18 13:17:04 INFO  SpringCinemaProducerApplication:59 - Started SpringCinemaProducerApplication in 6.444 seconds (process running for 7.419)
2025-04-18 13:17:12 INFO  [/]:173 - Initializing Spring DispatcherServlet 'dispatcherServlet'
2025-04-18 13:17:12 INFO  DispatcherServlet:532 - Initializing Servlet 'dispatcherServlet'
2025-04-18 13:17:12 DEBUG DispatcherServlet:532 - Detected StandardServletMultipartResolver
2025-04-18 13:17:12 DEBUG DispatcherServlet:556 - Detected AcceptHeaderLocaleResolver
2025-04-18 13:17:12 DEBUG DispatcherServlet:582 - Detected FixedThemeResolver
2025-04-18 13:17:12 DEBUG DispatcherServlet:732 - Detected org.springframework.web.servlet.view.DefaultRequestToViewNameTranslator@4a176637
2025-04-18 13:17:12 DEBUG DispatcherServlet:796 - Detected org.springframework.web.servlet.support.SessionFlashMapManager@56f1948b
2025-04-18 13:17:12 DEBUG DispatcherServlet:549 - enableLoggingRequestDetails='false': request parameters and headers will be masked to prevent unsafe logging of potentially sensitive data
2025-04-18 13:17:12 INFO  DispatcherServlet:554 - Completed initialization in 3 ms
2025-04-18 13:17:12 DEBUG DispatcherServlet:120 - GET "/movies", parameters={}
2025-04-18 13:17:12 DEBUG RequestMappingHandlerMapping:533 - Mapped to com.example.Spring_Cinema_Producer.Controller.MovieController#getAllMovies()
2025-04-18 13:17:13 DEBUG HttpEntityMethodProcessor:310 - Using 'application/json', given [*/*] and supported [application/json, application/*+json]
2025-04-18 13:17:13 DEBUG HttpEntityMethodProcessor:120 - Writing [[com.example.Spring_Cinema_Producer.DTO.MovieDTO@51c7beb4, com.example.Spring_Cinema_Producer.DTO.Mo (truncated)...]
2025-04-18 13:17:13 DEBUG DispatcherServlet:1138 - Completed 200 OK
2025-04-18 13:22:42 DEBUG DispatcherServlet:120 - GET "/movies", parameters={}
2025-04-18 13:22:42 DEBUG RequestMappingHandlerMapping:533 - Mapped to com.example.Spring_Cinema_Producer.Controller.MovieController#getAllMovies()
2025-04-18 13:22:42 DEBUG HttpEntityMethodProcessor:310 - Using 'application/json', given [*/*] and supported [application/json, application/*+json]
2025-04-18 13:22:42 DEBUG HttpEntityMethodProcessor:120 - Writing [[com.example.Spring_Cinema_Producer.DTO.MovieDTO@75563c8b, com.example.Spring_Cinema_Producer.DTO.Mo (truncated)...]
2025-04-18 13:22:42 DEBUG DispatcherServlet:1138 - Completed 200 OK
2025-04-18 13:29:30 INFO  LocalDevToolsAutoConfiguration$RestartingClassPathChangeChangedEventListener:211 - Restarting due to 1 class path change (0 additions, 0 deletions, 1 modification)
2025-04-18 13:29:30 INFO  GracefulShutdown:54 - Commencing graceful shutdown. Waiting for active requests to complete
2025-04-18 13:29:30 INFO  Http11NioProtocol:173 - Pausing ProtocolHandler ["http-nio-8080"]
2025-04-18 13:29:30 INFO  GracefulShutdown:76 - Graceful shutdown complete
2025-04-18 13:29:30 INFO  Http11NioProtocol:173 - Stopping ProtocolHandler ["http-nio-8080"]
2025-04-18 13:29:30 INFO  LocalContainerEntityManagerFactoryBean:660 - Closing JPA EntityManagerFactory for persistence unit 'default'
2025-04-18 13:29:30 INFO  HikariDataSource:349 - HikariPool-1 - Shutdown initiated...
2025-04-18 13:29:30 INFO  HikariDataSource:351 - HikariPool-1 - Shutdown completed.
2025-04-18 13:29:30 INFO  SpringCinemaProducerApplication:53 - Starting SpringCinemaProducerApplication using Java 17.0.8.1 with PID 13948 (C:\Users\thami\Downloads\Spring_Cinema_Producer\Spring_Cinema_Producer\target\classes started by thami in C:\Users\thami\Downloads\Spring_Cinema_Producer\Spring_Cinema_Producer)
2025-04-18 13:29:30 DEBUG SpringCinemaProducerApplication:54 - Running with Spring Boot v3.4.3, Spring v6.2.3
2025-04-18 13:29:30 INFO  SpringCinemaProducerApplication:652 - No active profile set, falling back to 1 default profile: "default"
2025-04-18 13:29:31 INFO  RepositoryConfigurationDelegate:143 - Bootstrapping Spring Data JPA repositories in DEFAULT mode.
2025-04-18 13:29:31 INFO  RepositoryConfigurationDelegate:211 - Finished Spring Data repository scanning in 33 ms. Found 4 JPA repository interfaces.
2025-04-18 13:29:31 INFO  TomcatWebServer:111 - Tomcat initialized with port 8080 (http)
2025-04-18 13:29:31 INFO  Http11NioProtocol:173 - Initializing ProtocolHandler ["http-nio-8080"]
2025-04-18 13:29:31 INFO  StandardService:173 - Starting service [Tomcat]
2025-04-18 13:29:31 INFO  StandardEngine:173 - Starting Servlet engine: [Apache Tomcat/10.1.36]
2025-04-18 13:29:31 INFO  [/]:173 - Initializing Spring embedded WebApplicationContext
2025-04-18 13:29:31 INFO  ServletWebServerApplicationContext:301 - Root WebApplicationContext: initialization completed in 681 ms
2025-04-18 13:29:31 INFO  LogHelper:31 - HHH000204: Processing PersistenceUnitInfo [name: default]
2025-04-18 13:29:31 INFO  RegionFactoryInitiator:50 - HHH000026: Second-level cache disabled
2025-04-18 13:29:31 INFO  SpringPersistenceUnitInfo:87 - No LoadTimeWeaver setup: ignoring JPA class transformer
2025-04-18 13:29:31 INFO  HikariDataSource:109 - HikariPool-2 - Starting...
2025-04-18 13:29:31 INFO  HikariPool:554 - HikariPool-2 - Added connection com.mysql.cj.jdbc.ConnectionImpl@65bec567
2025-04-18 13:29:31 INFO  HikariDataSource:122 - HikariPool-2 - Start completed.
2025-04-18 13:29:31 WARN  deprecation:153 - HHH90000025: MySQL8Dialect does not need to be specified explicitly using 'hibernate.dialect' (remove the property setting and it will be selected by default)
2025-04-18 13:29:31 WARN  deprecation:101 - HHH90000026: MySQL8Dialect has been deprecated; use org.hibernate.dialect.MySQLDialect instead
2025-04-18 13:29:31 INFO  pooling:157 - HHH10001005: Database info:
	Database JDBC URL [Connecting through datasource 'HikariDataSource (HikariPool-2)']
	Database driver: undefined/unknown
	Database version: 8.0
	Autocommit mode: undefined/unknown
	Isolation level: undefined/unknown
	Minimum pool size: undefined/unknown
	Maximum pool size: undefined/unknown
2025-04-18 13:29:31 INFO  JtaPlatformInitiator:59 - HHH000489: No JTA platform available (set 'hibernate.transaction.jta.platform' to enable JTA platform integration)
2025-04-18 13:29:32 INFO  LocalContainerEntityManagerFactoryBean:447 - Initialized JPA EntityManagerFactory for persistence unit 'default'
2025-04-18 13:29:32 WARN  JpaBaseConfiguration$JpaWebConfiguration:241 - spring.jpa.open-in-view is enabled by default. Therefore, database queries may be performed during view rendering. Explicitly configure spring.jpa.open-in-view to disable this warning
2025-04-18 13:29:33 DEBUG RequestMappingHandlerMapping:366 - 6 mappings in 'requestMappingHandlerMapping'
2025-04-18 13:29:33 DEBUG SimpleUrlHandlerMapping:187 - Patterns [/webjars/**, /**] in 'resourceHandlerMapping'
2025-04-18 13:29:33 DEBUG RequestMappingHandlerAdapter:666 - ControllerAdvice beans: 0 @ModelAttribute, 0 @InitBinder, 1 RequestBodyAdvice, 1 ResponseBodyAdvice
2025-04-18 13:29:33 DEBUG ExceptionHandlerExceptionResolver:336 - ControllerAdvice beans: 1 @ExceptionHandler, 1 ResponseBodyAdvice
2025-04-18 13:29:33 INFO  OptionalLiveReloadServer:59 - LiveReload server is running on port 35729
2025-04-18 13:29:33 INFO  Http11NioProtocol:173 - Starting ProtocolHandler ["http-nio-8080"]
2025-04-18 13:29:33 INFO  TomcatWebServer:243 - Tomcat started on port 8080 (http) with context path '/'
2025-04-18 13:29:33 INFO  SpringCinemaProducerApplication:59 - Started SpringCinemaProducerApplication in 2.559 seconds (process running for 756.443)
2025-04-18 13:29:33 INFO  ConditionEvaluationDeltaLoggingListener:63 - Condition evaluation unchanged
2025-04-18 13:29:47 INFO  [/]:173 - Initializing Spring DispatcherServlet 'dispatcherServlet'
2025-04-18 13:29:47 INFO  DispatcherServlet:532 - Initializing Servlet 'dispatcherServlet'
2025-04-18 13:29:47 DEBUG DispatcherServlet:532 - Detected StandardServletMultipartResolver
2025-04-18 13:29:47 DEBUG DispatcherServlet:556 - Detected AcceptHeaderLocaleResolver
2025-04-18 13:29:47 DEBUG DispatcherServlet:582 - Detected FixedThemeResolver
2025-04-18 13:29:47 DEBUG DispatcherServlet:732 - Detected org.springframework.web.servlet.view.DefaultRequestToViewNameTranslator@33b423c0
2025-04-18 13:29:47 DEBUG DispatcherServlet:796 - Detected org.springframework.web.servlet.support.SessionFlashMapManager@3ac65dc6
2025-04-18 13:29:47 DEBUG DispatcherServlet:549 - enableLoggingRequestDetails='false': request parameters and headers will be masked to prevent unsafe logging of potentially sensitive data
2025-04-18 13:29:47 INFO  DispatcherServlet:554 - Completed initialization in 2 ms
2025-04-18 13:29:47 DEBUG DispatcherServlet:120 - GET "/movies", parameters={}
2025-04-18 13:29:47 DEBUG RequestMappingHandlerMapping:533 - Mapped to com.example.Spring_Cinema_Producer.Controller.MovieController#getAllMovies()
2025-04-18 13:29:47 DEBUG HttpEntityMethodProcessor:310 - Using 'application/json', given [*/*] and supported [application/json, application/*+json]
2025-04-18 13:29:47 DEBUG HttpEntityMethodProcessor:120 - Writing [[com.example.Spring_Cinema_Producer.DTO.MovieDTO@6cbdd00a, com.example.Spring_Cinema_Producer.DTO.Mo (truncated)...]
2025-04-18 13:29:47 DEBUG DispatcherServlet:1138 - Completed 200 OK
2025-04-18 13:30:48 INFO  LocalDevToolsAutoConfiguration$RestartingClassPathChangeChangedEventListener:211 - Restarting due to 1 class path change (0 additions, 0 deletions, 1 modification)
2025-04-18 13:30:48 INFO  GracefulShutdown:54 - Commencing graceful shutdown. Waiting for active requests to complete
2025-04-18 13:30:48 INFO  Http11NioProtocol:173 - Pausing ProtocolHandler ["http-nio-8080"]
2025-04-18 13:30:48 INFO  GracefulShutdown:76 - Graceful shutdown complete
2025-04-18 13:30:48 INFO  Http11NioProtocol:173 - Stopping ProtocolHandler ["http-nio-8080"]
2025-04-18 13:30:48 INFO  LocalContainerEntityManagerFactoryBean:660 - Closing JPA EntityManagerFactory for persistence unit 'default'
2025-04-18 13:30:48 INFO  HikariDataSource:349 - HikariPool-2 - Shutdown initiated...
2025-04-18 13:30:48 INFO  HikariDataSource:351 - HikariPool-2 - Shutdown completed.
2025-04-18 13:30:48 INFO  SpringCinemaProducerApplication:53 - Starting SpringCinemaProducerApplication using Java 17.0.8.1 with PID 13948 (C:\Users\thami\Downloads\Spring_Cinema_Producer\Spring_Cinema_Producer\target\classes started by thami in C:\Users\thami\Downloads\Spring_Cinema_Producer\Spring_Cinema_Producer)
2025-04-18 13:30:48 DEBUG SpringCinemaProducerApplication:54 - Running with Spring Boot v3.4.3, Spring v6.2.3
2025-04-18 13:30:48 INFO  SpringCinemaProducerApplication:652 - No active profile set, falling back to 1 default profile: "default"
2025-04-18 13:30:49 INFO  RepositoryConfigurationDelegate:143 - Bootstrapping Spring Data JPA repositories in DEFAULT mode.
2025-04-18 13:30:49 INFO  RepositoryConfigurationDelegate:211 - Finished Spring Data repository scanning in 35 ms. Found 4 JPA repository interfaces.
2025-04-18 13:30:49 INFO  TomcatWebServer:111 - Tomcat initialized with port 8080 (http)
2025-04-18 13:30:49 INFO  Http11NioProtocol:173 - Initializing ProtocolHandler ["http-nio-8080"]
2025-04-18 13:30:49 INFO  StandardService:173 - Starting service [Tomcat]
2025-04-18 13:30:49 INFO  StandardEngine:173 - Starting Servlet engine: [Apache Tomcat/10.1.36]
2025-04-18 13:30:49 INFO  [/]:173 - Initializing Spring embedded WebApplicationContext
2025-04-18 13:30:49 INFO  ServletWebServerApplicationContext:301 - Root WebApplicationContext: initialization completed in 567 ms
2025-04-18 13:30:49 INFO  LogHelper:31 - HHH000204: Processing PersistenceUnitInfo [name: default]
2025-04-18 13:30:49 INFO  RegionFactoryInitiator:50 - HHH000026: Second-level cache disabled
2025-04-18 13:30:49 INFO  SpringPersistenceUnitInfo:87 - No LoadTimeWeaver setup: ignoring JPA class transformer
2025-04-18 13:30:49 INFO  HikariDataSource:109 - HikariPool-3 - Starting...
2025-04-18 13:30:49 INFO  HikariPool:554 - HikariPool-3 - Added connection com.mysql.cj.jdbc.ConnectionImpl@1d8779d2
2025-04-18 13:30:49 INFO  HikariDataSource:122 - HikariPool-3 - Start completed.
2025-04-18 13:30:49 WARN  deprecation:153 - HHH90000025: MySQL8Dialect does not need to be specified explicitly using 'hibernate.dialect' (remove the property setting and it will be selected by default)
2025-04-18 13:30:49 WARN  deprecation:101 - HHH90000026: MySQL8Dialect has been deprecated; use org.hibernate.dialect.MySQLDialect instead
2025-04-18 13:30:49 INFO  pooling:157 - HHH10001005: Database info:
	Database JDBC URL [Connecting through datasource 'HikariDataSource (HikariPool-3)']
	Database driver: undefined/unknown
	Database version: 8.0
	Autocommit mode: undefined/unknown
	Isolation level: undefined/unknown
	Minimum pool size: undefined/unknown
	Maximum pool size: undefined/unknown
2025-04-18 13:30:49 INFO  JtaPlatformInitiator:59 - HHH000489: No JTA platform available (set 'hibernate.transaction.jta.platform' to enable JTA platform integration)
2025-04-18 13:30:50 INFO  LocalContainerEntityManagerFactoryBean:447 - Initialized JPA EntityManagerFactory for persistence unit 'default'
2025-04-18 13:30:50 WARN  JpaBaseConfiguration$JpaWebConfiguration:241 - spring.jpa.open-in-view is enabled by default. Therefore, database queries may be performed during view rendering. Explicitly configure spring.jpa.open-in-view to disable this warning
2025-04-18 13:30:50 DEBUG RequestMappingHandlerMapping:366 - 6 mappings in 'requestMappingHandlerMapping'
2025-04-18 13:30:50 DEBUG SimpleUrlHandlerMapping:187 - Patterns [/webjars/**, /**] in 'resourceHandlerMapping'
2025-04-18 13:30:50 DEBUG RequestMappingHandlerAdapter:666 - ControllerAdvice beans: 0 @ModelAttribute, 0 @InitBinder, 1 RequestBodyAdvice, 1 ResponseBodyAdvice
2025-04-18 13:30:50 DEBUG ExceptionHandlerExceptionResolver:336 - ControllerAdvice beans: 1 @ExceptionHandler, 1 ResponseBodyAdvice
2025-04-18 13:30:50 INFO  OptionalLiveReloadServer:59 - LiveReload server is running on port 35729
2025-04-18 13:30:50 INFO  Http11NioProtocol:173 - Starting ProtocolHandler ["http-nio-8080"]
2025-04-18 13:30:50 INFO  TomcatWebServer:243 - Tomcat started on port 8080 (http) with context path '/'
2025-04-18 13:30:50 INFO  SpringCinemaProducerApplication:59 - Started SpringCinemaProducerApplication in 2.099 seconds (process running for 833.874)
2025-04-18 13:30:50 INFO  ConditionEvaluationDeltaLoggingListener:63 - Condition evaluation unchanged
