2025-04-18 13:03:42 INFO  Version:21 - HV000001: Hibernate Validator 8.0.2.Final
2025-04-18 13:03:43 INFO  SpringCinemaProducerApplication:53 - Starting SpringCinemaProducerApplication using Java 17.0.8.1 with PID 11624 (C:\Users\thami\Downloads\Spring_Cinema_Producer\Spring_Cinema_Producer\target\classes started by thami in C:\Users\thami\Downloads\Spring_Cinema_Producer\Spring_Cinema_Producer)
2025-04-18 13:03:43 INFO  SpringCinemaProducerApplication:652 - No active profile set, falling back to 1 default profile: "default"
2025-04-18 13:03:43 INFO  DevToolsPropertyDefaultsPostProcessor:252 - Devtools property defaults active! Set 'spring.devtools.add-properties' to 'false' to disable
2025-04-18 13:03:43 INFO  DevToolsPropertyDefaultsPostProcessor:252 - For additional web related logging consider setting the 'logging.level.web' property to 'DEBUG'
2025-04-18 13:03:44 INFO  RepositoryConfigurationDelegate:143 - Bootstrapping Spring Data JPA repositories in DEFAULT mode.
2025-04-18 13:03:44 INFO  RepositoryConfigurationDelegate:211 - Finished Spring Data repository scanning in 131 ms. Found 4 JPA repository interfaces.
2025-04-18 13:03:46 INFO  TomcatWebServer:111 - Tomcat initialized with port 8080 (http)
2025-04-18 13:03:46 INFO  Http11NioProtocol:173 - Initializing ProtocolHandler ["http-nio-8080"]
2025-04-18 13:03:46 INFO  StandardService:173 - Starting service [Tomcat]
2025-04-18 13:03:46 INFO  StandardEngine:173 - Starting Servlet engine: [Apache Tomcat/10.1.36]
2025-04-18 13:03:46 INFO  [/]:173 - Initializing Spring embedded WebApplicationContext
2025-04-18 13:03:46 INFO  ServletWebServerApplicationContext:301 - Root WebApplicationContext: initialization completed in 3360 ms
2025-04-18 13:03:47 INFO  LogHelper:31 - HHH000204: Processing PersistenceUnitInfo [name: default]
2025-04-18 13:03:47 INFO  Version:44 - HHH000412: Hibernate ORM core version 6.6.8.Final
2025-04-18 13:03:47 INFO  RegionFactoryInitiator:50 - HHH000026: Second-level cache disabled
2025-04-18 13:03:48 INFO  SpringPersistenceUnitInfo:87 - No LoadTimeWeaver setup: ignoring JPA class transformer
2025-04-18 13:03:48 INFO  HikariDataSource:109 - HikariPool-1 - Starting...
2025-04-18 13:03:48 INFO  HikariPool:554 - HikariPool-1 - Added connection com.mysql.cj.jdbc.ConnectionImpl@537cd536
2025-04-18 13:03:48 INFO  HikariDataSource:122 - HikariPool-1 - Start completed.
2025-04-18 13:03:48 WARN  deprecation:153 - HHH90000025: MySQL8Dialect does not need to be specified explicitly using 'hibernate.dialect' (remove the property setting and it will be selected by default)
2025-04-18 13:03:48 WARN  deprecation:101 - HHH90000026: MySQL8Dialect has been deprecated; use org.hibernate.dialect.MySQLDialect instead
2025-04-18 13:03:48 INFO  pooling:157 - HHH10001005: Database info:
	Database JDBC URL [Connecting through datasource 'HikariDataSource (HikariPool-1)']
	Database driver: undefined/unknown
	Database version: 8.0
	Autocommit mode: undefined/unknown
	Isolation level: undefined/unknown
	Minimum pool size: undefined/unknown
	Maximum pool size: undefined/unknown
2025-04-18 13:03:50 INFO  JtaPlatformInitiator:59 - HHH000489: No JTA platform available (set 'hibernate.transaction.jta.platform' to enable JTA platform integration)
2025-04-18 13:03:51 INFO  LocalContainerEntityManagerFactoryBean:447 - Initialized JPA EntityManagerFactory for persistence unit 'default'
2025-04-18 13:03:52 WARN  JpaBaseConfiguration$JpaWebConfiguration:241 - spring.jpa.open-in-view is enabled by default. Therefore, database queries may be performed during view rendering. Explicitly configure spring.jpa.open-in-view to disable this warning
2025-04-18 13:03:53 INFO  OptionalLiveReloadServer:59 - LiveReload server is running on port 35729
2025-04-18 13:03:53 INFO  Http11NioProtocol:173 - Starting ProtocolHandler ["http-nio-8080"]
2025-04-18 13:03:53 INFO  TomcatWebServer:243 - Tomcat started on port 8080 (http) with context path '/'
2025-04-18 13:03:53 INFO  SpringCinemaProducerApplication:59 - Started SpringCinemaProducerApplication in 11.725 seconds (process running for 13.57)
2025-04-18 13:04:11 INFO  [/]:173 - Initializing Spring DispatcherServlet 'dispatcherServlet'
2025-04-18 13:04:11 INFO  DispatcherServlet:532 - Initializing Servlet 'dispatcherServlet'
2025-04-18 13:04:11 INFO  DispatcherServlet:554 - Completed initialization in 3 ms
2025-04-18 13:05:32 INFO  Version:21 - HV000001: Hibernate Validator 8.0.2.Final
2025-04-18 13:05:32 INFO  SpringCinemaProducerApplication:53 - Starting SpringCinemaProducerApplication using Java 17.0.8.1 with PID 23968 (C:\Users\thami\Downloads\Spring_Cinema_Producer\Spring_Cinema_Producer\target\classes started by thami in C:\Users\thami\Downloads\Spring_Cinema_Producer\Spring_Cinema_Producer)
2025-04-18 13:05:32 INFO  SpringCinemaProducerApplication:652 - No active profile set, falling back to 1 default profile: "default"
2025-04-18 13:05:33 INFO  DevToolsPropertyDefaultsPostProcessor:252 - Devtools property defaults active! Set 'spring.devtools.add-properties' to 'false' to disable
2025-04-18 13:05:33 INFO  DevToolsPropertyDefaultsPostProcessor:252 - For additional web related logging consider setting the 'logging.level.web' property to 'DEBUG'
2025-04-18 13:05:34 INFO  RepositoryConfigurationDelegate:143 - Bootstrapping Spring Data JPA repositories in DEFAULT mode.
2025-04-18 13:05:34 INFO  RepositoryConfigurationDelegate:211 - Finished Spring Data repository scanning in 125 ms. Found 4 JPA repository interfaces.
2025-04-18 13:05:36 INFO  TomcatWebServer:111 - Tomcat initialized with port 8080 (http)
2025-04-18 13:05:36 INFO  Http11NioProtocol:173 - Initializing ProtocolHandler ["http-nio-8080"]
2025-04-18 13:05:36 INFO  StandardService:173 - Starting service [Tomcat]
2025-04-18 13:05:36 INFO  StandardEngine:173 - Starting Servlet engine: [Apache Tomcat/10.1.36]
2025-04-18 13:05:36 INFO  [/]:173 - Initializing Spring embedded WebApplicationContext
2025-04-18 13:05:36 INFO  ServletWebServerApplicationContext:301 - Root WebApplicationContext: initialization completed in 3471 ms
2025-04-18 13:05:37 INFO  LogHelper:31 - HHH000204: Processing PersistenceUnitInfo [name: default]
2025-04-18 13:05:37 INFO  Version:44 - HHH000412: Hibernate ORM core version 6.6.8.Final
2025-04-18 13:05:37 INFO  RegionFactoryInitiator:50 - HHH000026: Second-level cache disabled
2025-04-18 13:05:38 INFO  SpringPersistenceUnitInfo:87 - No LoadTimeWeaver setup: ignoring JPA class transformer
2025-04-18 13:05:38 INFO  HikariDataSource:109 - HikariPool-1 - Starting...
2025-04-18 13:05:38 INFO  HikariPool:554 - HikariPool-1 - Added connection com.mysql.cj.jdbc.ConnectionImpl@27351e50
2025-04-18 13:05:38 INFO  HikariDataSource:122 - HikariPool-1 - Start completed.
2025-04-18 13:05:38 WARN  deprecation:153 - HHH90000025: MySQL8Dialect does not need to be specified explicitly using 'hibernate.dialect' (remove the property setting and it will be selected by default)
2025-04-18 13:05:38 WARN  deprecation:101 - HHH90000026: MySQL8Dialect has been deprecated; use org.hibernate.dialect.MySQLDialect instead
2025-04-18 13:05:38 INFO  pooling:157 - HHH10001005: Database info:
	Database JDBC URL [Connecting through datasource 'HikariDataSource (HikariPool-1)']
	Database driver: undefined/unknown
	Database version: 8.0
	Autocommit mode: undefined/unknown
	Isolation level: undefined/unknown
	Minimum pool size: undefined/unknown
	Maximum pool size: undefined/unknown
2025-04-18 13:05:40 INFO  JtaPlatformInitiator:59 - HHH000489: No JTA platform available (set 'hibernate.transaction.jta.platform' to enable JTA platform integration)
2025-04-18 13:05:41 INFO  LocalContainerEntityManagerFactoryBean:447 - Initialized JPA EntityManagerFactory for persistence unit 'default'
2025-04-18 13:05:42 WARN  JpaBaseConfiguration$JpaWebConfiguration:241 - spring.jpa.open-in-view is enabled by default. Therefore, database queries may be performed during view rendering. Explicitly configure spring.jpa.open-in-view to disable this warning
2025-04-18 13:05:43 INFO  OptionalLiveReloadServer:59 - LiveReload server is running on port 35729
2025-04-18 13:05:43 INFO  Http11NioProtocol:173 - Starting ProtocolHandler ["http-nio-8080"]
2025-04-18 13:05:43 INFO  TomcatWebServer:243 - Tomcat started on port 8080 (http) with context path '/'
2025-04-18 13:05:43 INFO  SpringCinemaProducerApplication:59 - Started SpringCinemaProducerApplication in 11.516 seconds (process running for 13.295)
2025-04-18 13:05:56 INFO  [/]:173 - Initializing Spring DispatcherServlet 'dispatcherServlet'
2025-04-18 13:05:56 INFO  DispatcherServlet:532 - Initializing Servlet 'dispatcherServlet'
2025-04-18 13:05:56 INFO  DispatcherServlet:554 - Completed initialization in 4 ms
2025-04-18 13:07:43 INFO  LocalDevToolsAutoConfiguration$RestartingClassPathChangeChangedEventListener:211 - Restarting due to 1 class path change (0 additions, 0 deletions, 1 modification)
2025-04-18 13:07:43 INFO  GracefulShutdown:54 - Commencing graceful shutdown. Waiting for active requests to complete
2025-04-18 13:07:43 INFO  Http11NioProtocol:173 - Pausing ProtocolHandler ["http-nio-8080"]
2025-04-18 13:07:43 INFO  GracefulShutdown:76 - Graceful shutdown complete
2025-04-18 13:07:43 INFO  Http11NioProtocol:173 - Stopping ProtocolHandler ["http-nio-8080"]
2025-04-18 13:07:44 INFO  LocalContainerEntityManagerFactoryBean:660 - Closing JPA EntityManagerFactory for persistence unit 'default'
2025-04-18 13:07:44 INFO  HikariDataSource:349 - HikariPool-1 - Shutdown initiated...
2025-04-18 13:07:44 INFO  HikariDataSource:351 - HikariPool-1 - Shutdown completed.
